{"C:\\Users\\LaxmikanthReddySingi\\Desktop\\GIT_FI\\backend\\node\\services\\notificationService.js": {"path":"C:\\Users\\LaxmikanthReddySingi\\Desktop\\GIT_FI\\backend\\node\\services\\notificationService.js","statementMap":{"0":{"start":{"line":3,"column":17},"end":{"line":3,"column":26}},"1":{"start":{"line":4,"column":27},"end":{"line":4,"column":29}},"2":{"start":{"line":6,"column":20},"end":{"line":8,"column":1}},"3":{"start":{"line":7,"column":2},"end":{"line":7,"column":64}},"4":{"start":{"line":11,"column":17},"end":{"line":16,"column":1}},"5":{"start":{"line":12,"column":20},"end":{"line":12,"column":63}},"6":{"start":{"line":13,"column":2},"end":{"line":13,"column":47}},"7":{"start":{"line":14,"column":2},"end":{"line":14,"column":127}},"8":{"start":{"line":15,"column":2},"end":{"line":15,"column":13}},"9":{"start":{"line":19,"column":0},"end":{"line":27,"column":14}},"10":{"start":{"line":20,"column":14},"end":{"line":20,"column":24}},"11":{"start":{"line":21,"column":2},"end":{"line":26,"column":3}},"12":{"start":{"line":22,"column":4},"end":{"line":25,"column":5}},"13":{"start":{"line":23,"column":6},"end":{"line":23,"column":27}},"14":{"start":{"line":24,"column":6},"end":{"line":24,"column":102}},"15":{"start":{"line":29,"column":25},"end":{"line":53,"column":1}},"16":{"start":{"line":30,"column":21},"end":{"line":30,"column":45}},"17":{"start":{"line":31,"column":2},"end":{"line":34,"column":3}},"18":{"start":{"line":32,"column":4},"end":{"line":32,"column":65}},"19":{"start":{"line":33,"column":4},"end":{"line":33,"column":65}},"20":{"start":{"line":36,"column":14},"end":{"line":36,"column":24}},"21":{"start":{"line":37,"column":2},"end":{"line":37,"column":209}},"22":{"start":{"line":39,"column":2},"end":{"line":43,"column":3}},"23":{"start":{"line":40,"column":4},"end":{"line":40,"column":32}},"24":{"start":{"line":41,"column":4},"end":{"line":41,"column":64}},"25":{"start":{"line":42,"column":4},"end":{"line":42,"column":52}},"26":{"start":{"line":45,"column":2},"end":{"line":48,"column":3}},"27":{"start":{"line":46,"column":4},"end":{"line":46,"column":64}},"28":{"start":{"line":47,"column":4},"end":{"line":47,"column":52}},"29":{"start":{"line":50,"column":2},"end":{"line":50,"column":30}},"30":{"start":{"line":51,"column":2},"end":{"line":51,"column":76}},"31":{"start":{"line":52,"column":2},"end":{"line":52,"column":63}},"32":{"start":{"line":56,"column":24},"end":{"line":59,"column":1}},"33":{"start":{"line":58,"column":2},"end":{"line":58,"column":73}},"34":{"start":{"line":61,"column":28},"end":{"line":90,"column":1}},"35":{"start":{"line":62,"column":2},"end":{"line":89,"column":3}},"36":{"start":{"line":63,"column":16},"end":{"line":63,"column":29}},"37":{"start":{"line":64,"column":22},"end":{"line":64,"column":32}},"38":{"start":{"line":65,"column":4},"end":{"line":65,"column":70}},"39":{"start":{"line":66,"column":4},"end":{"line":66,"column":25}},"40":{"start":{"line":68,"column":22},"end":{"line":68,"column":48}},"41":{"start":{"line":70,"column":24},"end":{"line":75,"column":6}},"42":{"start":{"line":77,"column":4},"end":{"line":83,"column":7}},"43":{"start":{"line":85,"column":4},"end":{"line":85,"column":64}},"44":{"start":{"line":87,"column":4},"end":{"line":87,"column":45}},"45":{"start":{"line":88,"column":4},"end":{"line":88,"column":67}},"46":{"start":{"line":92,"column":26},"end":{"line":121,"column":1}},"47":{"start":{"line":93,"column":2},"end":{"line":120,"column":3}},"48":{"start":{"line":94,"column":16},"end":{"line":94,"column":29}},"49":{"start":{"line":95,"column":22},"end":{"line":95,"column":32}},"50":{"start":{"line":96,"column":4},"end":{"line":96,"column":70}},"51":{"start":{"line":97,"column":4},"end":{"line":97,"column":25}},"52":{"start":{"line":99,"column":22},"end":{"line":99,"column":48}},"53":{"start":{"line":101,"column":24},"end":{"line":106,"column":6}},"54":{"start":{"line":108,"column":4},"end":{"line":114,"column":7}},"55":{"start":{"line":116,"column":4},"end":{"line":116,"column":77}},"56":{"start":{"line":118,"column":4},"end":{"line":118,"column":55}},"57":{"start":{"line":119,"column":4},"end":{"line":119,"column":77}}},"fnMap":{"0":{"name":"(anonymous_0)","decl":{"start":{"line":6,"column":20},"end":{"line":6,"column":21}},"loc":{"start":{"line":6,"column":26},"end":{"line":8,"column":1}},"line":6},"1":{"name":"(anonymous_1)","decl":{"start":{"line":11,"column":17},"end":{"line":11,"column":18}},"loc":{"start":{"line":11,"column":38},"end":{"line":16,"column":1}},"line":11},"2":{"name":"(anonymous_2)","decl":{"start":{"line":19,"column":12},"end":{"line":19,"column":13}},"loc":{"start":{"line":19,"column":18},"end":{"line":27,"column":1}},"line":19},"3":{"name":"(anonymous_3)","decl":{"start":{"line":29,"column":25},"end":{"line":29,"column":26}},"loc":{"start":{"line":29,"column":46},"end":{"line":53,"column":1}},"line":29},"4":{"name":"(anonymous_4)","decl":{"start":{"line":56,"column":24},"end":{"line":56,"column":25}},"loc":{"start":{"line":56,"column":39},"end":{"line":59,"column":1}},"line":56},"5":{"name":"(anonymous_5)","decl":{"start":{"line":61,"column":28},"end":{"line":61,"column":29}},"loc":{"start":{"line":61,"column":45},"end":{"line":90,"column":1}},"line":61},"6":{"name":"(anonymous_6)","decl":{"start":{"line":92,"column":26},"end":{"line":92,"column":27}},"loc":{"start":{"line":92,"column":50},"end":{"line":121,"column":1}},"line":92}},"branchMap":{"0":{"loc":{"start":{"line":22,"column":4},"end":{"line":25,"column":5}},"type":"if","locations":[{"start":{"line":22,"column":4},"end":{"line":25,"column":5}},{"start":{},"end":{}}],"line":22},"1":{"loc":{"start":{"line":31,"column":2},"end":{"line":34,"column":3}},"type":"if","locations":[{"start":{"line":31,"column":2},"end":{"line":34,"column":3}},{"start":{},"end":{}}],"line":31},"2":{"loc":{"start":{"line":39,"column":2},"end":{"line":43,"column":3}},"type":"if","locations":[{"start":{"line":39,"column":2},"end":{"line":43,"column":3}},{"start":{},"end":{}}],"line":39},"3":{"loc":{"start":{"line":45,"column":2},"end":{"line":48,"column":3}},"type":"if","locations":[{"start":{"line":45,"column":2},"end":{"line":48,"column":3}},{"start":{},"end":{}}],"line":45},"4":{"loc":{"start":{"line":71,"column":12},"end":{"line":71,"column":53}},"type":"binary-expr","locations":[{"start":{"line":71,"column":12},"end":{"line":71,"column":33}},{"start":{"line":71,"column":37},"end":{"line":71,"column":53}}],"line":71},"5":{"loc":{"start":{"line":72,"column":12},"end":{"line":72,"column":40}},"type":"binary-expr","locations":[{"start":{"line":72,"column":12},"end":{"line":72,"column":33}},{"start":{"line":72,"column":37},"end":{"line":72,"column":40}}],"line":72},"6":{"loc":{"start":{"line":102,"column":12},"end":{"line":102,"column":53}},"type":"binary-expr","locations":[{"start":{"line":102,"column":12},"end":{"line":102,"column":33}},{"start":{"line":102,"column":37},"end":{"line":102,"column":53}}],"line":102},"7":{"loc":{"start":{"line":103,"column":12},"end":{"line":103,"column":40}},"type":"binary-expr","locations":[{"start":{"line":103,"column":12},"end":{"line":103,"column":33}},{"start":{"line":103,"column":37},"end":{"line":103,"column":40}}],"line":103}},"s":{"0":1,"1":1,"2":1,"3":18,"4":1,"5":18,"6":18,"7":18,"8":18,"9":1,"10":0,"11":0,"12":0,"13":0,"14":0,"15":1,"16":8,"17":8,"18":3,"19":3,"20":5,"21":5,"22":5,"23":0,"24":0,"25":0,"26":5,"27":1,"28":1,"29":4,"30":4,"31":4,"32":1,"33":18,"34":1,"35":13,"36":13,"37":13,"38":13,"39":13,"40":13,"41":13,"42":12,"43":11,"44":2,"45":2,"46":1,"47":5,"48":5,"49":5,"50":5,"51":5,"52":5,"53":5,"54":5,"55":4,"56":1,"57":1},"f":{"0":18,"1":18,"2":0,"3":8,"4":18,"5":13,"6":5},"b":{"0":[0,0],"1":[3,5],"2":[0,5],"3":[1,4],"4":[13,1],"5":[13,1],"6":[5,0],"7":[5,0]},"_coverageSchema":"1a1c01bbd47fc00a2c39e90264f33305004495a9","hash":"13dd24ee0ff87dcc7ed10e8656c988398fdafc78"}
}
