TN:
SF:node\services\notificationService.js
FN:6,(anonymous_0)
FN:11,(anonymous_1)
FN:19,(anonymous_2)
FN:29,(anonymous_3)
FN:56,(anonymous_4)
FN:61,(anonymous_5)
FN:92,(anonymous_6)
FNF:7
FNH:6
FNDA:18,(anonymous_0)
FNDA:18,(anonymous_1)
FNDA:0,(anonymous_2)
FNDA:8,(anonymous_3)
FNDA:18,(anonymous_4)
FNDA:13,(anonymous_5)
FNDA:5,(anonymous_6)
DA:3,1
DA:4,1
DA:6,1
DA:7,18
DA:11,1
DA:12,18
DA:13,18
DA:14,18
DA:15,18
DA:19,1
DA:20,0
DA:21,0
DA:22,0
DA:23,0
DA:24,0
DA:29,1
DA:30,8
DA:31,8
DA:32,3
DA:33,3
DA:36,5
DA:37,5
DA:39,5
DA:40,0
DA:41,0
DA:42,0
DA:45,5
DA:46,1
DA:47,1
DA:50,4
DA:51,4
DA:52,4
DA:56,1
DA:58,18
DA:61,1
DA:62,13
DA:63,13
DA:64,13
DA:65,13
DA:66,13
DA:68,13
DA:70,13
DA:77,12
DA:85,11
DA:87,2
DA:88,2
DA:92,1
DA:93,5
DA:94,5
DA:95,5
DA:96,5
DA:97,5
DA:99,5
DA:101,5
DA:108,5
DA:116,4
DA:118,1
DA:119,1
LF:58
LH:50
BRDA:22,0,0,0
BRDA:22,0,1,0
BRDA:31,1,0,3
BRDA:31,1,1,5
BRDA:39,2,0,0
BRDA:39,2,1,5
BRDA:45,3,0,1
BRDA:45,3,1,4
BRDA:71,4,0,13
BRDA:71,4,1,1
BRDA:72,5,0,13
BRDA:72,5,1,1
BRDA:102,6,0,5
BRDA:102,6,1,0
BRDA:103,7,0,5
BRDA:103,7,1,0
BRF:16
BRH:11
end_of_record
